[debug] > Exec(early(addDefaultCommands), None, None)
[debug] > Exec(addDefaultCommands, None, None)
[debug] > Exec(early(initialize), None, None)
[debug] > Exec(initialize, None, None)
[debug] > Exec(early(addPluginSbtFile="""C:\Users\Dell\AppData\Local\Temp\idea6541.sbt"""), None, None)
[debug] > Exec(addPluginSbtFile="""C:\Users\Dell\AppData\Local\Temp\idea6541.sbt""", None, None)
[debug] > Exec(boot, None, None)
[debug] > Exec(writeSbtVersion, None, None)
[debug] > Exec(reload, None, None)
[debug] > Exec(sbtStashOnFailure, None, None)
[debug] > Exec(onFailure loadFailed, None, None)
[debug] > Exec(loadp, None, None)
[info] welcome to sbt 1.10.1 (Azul Systems, Inc. Java 11.0.23)
[debug]       Load.loadUnit: plugins took 137.591801ms
[debug]       Load.loadUnit: defsScala took 0.296799ms
[debug] [Loading] Scanning directory C:\Users\Dell\.sbt\1.0\plugins
[debug]         Load.loadUnit: mkEval took 7.4298ms
[debug] [Loading] Found non-root projects 
[debug] [Loading] Done in C:\Users\Dell\.sbt\1.0\plugins, returning: ()
[debug] deducing auto plugins based on known facts Set(Atom(sbt.plugins.CorePlugin)) and clauses Clauses(Clause(Atom(sbt.plugins.JvmPlugin),Set(Atom(sbt.plugins.IvyPlugin)))
[debug] Clause(Atom(sbt.ScriptedPlugin),Set(Atom(sbt.plugins.JvmPlugin)))
[debug] Clause(Atom(sbt.plugins.SbtPlugin),Set(Atom(sbt.ScriptedPlugin)))
[debug] Clause(Atom(sbt.plugins.SemanticdbPlugin),Set(Atom(sbt.plugins.JvmPlugin)))
[debug] Clause(Atom(sbt.plugins.JUnitXmlReportPlugin),Set(Atom(sbt.plugins.JvmPlugin)))
[debug] Clause(Atom(sbt.plugins.MiniDependencyTreePlugin),Set(Atom(sbt.plugins.JvmPlugin)))
[debug] Clause(Atom(sbt.plugins.CorePlugin),Set(Atom(sbt.plugins.IvyPlugin)))
[debug] Clause(Atom(sbt.plugins.IvyPlugin),Set(Atom(sbt.plugins.JvmPlugin)))
[debug] Clause(Atom(sbt.plugins.JvmPlugin),Set(Atom(sbt.plugins.SemanticdbPlugin)))
[debug] Clause(Atom(sbt.plugins.JvmPlugin),Set(Atom(sbt.plugins.JUnitXmlReportPlugin)))
[debug] Clause(Atom(sbt.plugins.CorePlugin),Set(Atom(sbt.plugins.Giter8TemplatePlugin)))
[debug] Clause(Atom(sbt.plugins.JvmPlugin),Set(Atom(sbt.plugins.MiniDependencyTreePlugin))))
[debug]   :: deduced result: Matched(sbt.plugins.CorePlugin,sbt.plugins.Giter8TemplatePlugin,sbt.plugins.IvyPlugin,sbt.plugins.JvmPlugin,sbt.plugins.MiniDependencyTreePlugin,sbt.plugins.JUnitXmlReportPlugin,sbt.plugins.SemanticdbPlugin)
[debug] Plugins.deducer#function took 18.7796 ms
[info] loading settings for project global-plugins from idea.sbt ...
[debug]           Load.resolveProject(global-plugins) took 53.0187ms
[debug]         Load.loadTransitive: finalizeProject(Project(id global-plugins, base: C:\Users\Dell\.sbt\1.0\plugins, plugins: List(<none>))) took 105.8734ms
[debug] [Loading] Done in C:\Users\Dell\.sbt\1.0\plugins, returning: (global-plugins)
[debug]       Load.loadUnit: loadedProjectsRaw took 234.926699ms
[debug]       Load.loadUnit: cleanEvalClasses took 7.3251ms
[debug]     Load.loadUnit(file:/C:/Users/Dell/.sbt/1.0/plugins/, ...) took 389.6732ms
[debug]   Load.apply: load took 562.8636ms
[debug]   Load.apply: resolveProjects took 6.419ms
[debug]   Load.apply: finalTransforms took 59.729301ms
[debug]   Load.apply: config.delegates took 12.146ms
[debug]   Load.apply: Def.make(settings)... took 746.4076ms
[debug]   Load.apply: structureIndex took 176.931099ms
[debug]   Load.apply: mkStreams took 2.9605ms
[info] loading global plugins from C:\Users\Dell\.sbt\1.0\plugins
[debug] Running task... Cancel: Signal, check cycles: false, forcegc: true
[debug] Load.defaultLoad until apply took 4309.9493ms
[debug]           Load.loadUnit: plugins took 102.9232ms
[debug]           Load.loadUnit: defsScala took 0.0174ms
[debug] [Loading] Scanning directory C:\Users\Dell\Downloads\Texteditor_react_scala\Texteditor_react_scala\project
[debug]             Load.loadUnit: mkEval took 0.4415ms
[debug] [Loading] Found non-root projects 
[debug] [Loading] Done in C:\Users\Dell\Downloads\Texteditor_react_scala\Texteditor_react_scala\project, returning: ()
[debug] deducing auto plugins based on known facts Set(Atom(sbt.plugins.CorePlugin)) and clauses Clauses(Clause(Atom(sbt.plugins.JvmPlugin),Set(Atom(sbt.plugins.IvyPlugin)))
[debug] Clause(Atom(sbt.ScriptedPlugin),Set(Atom(sbt.plugins.JvmPlugin)))
[debug] Clause(Atom(sbt.plugins.SbtPlugin),Set(Atom(sbt.ScriptedPlugin)))
[debug] Clause(Atom(sbt.plugins.SemanticdbPlugin),Set(Atom(sbt.plugins.JvmPlugin)))
[debug] Clause(Atom(sbt.plugins.JUnitXmlReportPlugin),Set(Atom(sbt.plugins.JvmPlugin)))
[debug] Clause(Atom(sbt.plugins.MiniDependencyTreePlugin),Set(Atom(sbt.plugins.JvmPlugin)))
[debug] Clause(Atom(sbt.plugins.CorePlugin),Set(Atom(sbt.plugins.IvyPlugin)))
[debug] Clause(Atom(sbt.plugins.IvyPlugin),Set(Atom(sbt.plugins.JvmPlugin)))
[debug] Clause(Atom(sbt.plugins.JvmPlugin),Set(Atom(sbt.plugins.SemanticdbPlugin)))
[debug] Clause(Atom(sbt.plugins.JvmPlugin),Set(Atom(sbt.plugins.JUnitXmlReportPlugin)))
[debug] Clause(Atom(sbt.plugins.CorePlugin),Set(Atom(sbt.plugins.Giter8TemplatePlugin)))
[debug] Clause(Atom(sbt.plugins.JvmPlugin),Set(Atom(sbt.plugins.MiniDependencyTreePlugin))))
[debug]   :: deduced result: Matched(sbt.plugins.CorePlugin,sbt.plugins.Giter8TemplatePlugin,sbt.plugins.IvyPlugin,sbt.plugins.JvmPlugin,sbt.plugins.MiniDependencyTreePlugin,sbt.plugins.JUnitXmlReportPlugin,sbt.plugins.SemanticdbPlugin)
[debug] Plugins.deducer#function took 3.635101 ms
[info] loading settings for project texteditor_react_scala-build from plugins.sbt,idea6541.sbt ...
[debug]               Load.resolveProject(texteditor_react_scala-build) took 2.7679ms
[debug]             Load.loadTransitive: finalizeProject(Project(id texteditor_react_scala-build, base: C:\Users\Dell\Downloads\Texteditor_react_scala\Texteditor_react_scala\project, plugins: List(<none>))) took 7.531399ms
[debug] [Loading] Done in C:\Users\Dell\Downloads\Texteditor_react_scala\Texteditor_react_scala\project, returning: (texteditor_react_scala-build)
[debug]           Load.loadUnit: loadedProjectsRaw took 140.3018ms
[debug]           Load.loadUnit: cleanEvalClasses took 2.2441ms
[debug]         Load.loadUnit(file:/C:/Users/Dell/Downloads/Texteditor_react_scala/Texteditor_react_scala/project/, ...) took 247.010499ms
[debug]       Load.apply: load took 249.9982ms
[debug]       Load.apply: resolveProjects took 0.211399ms
[debug]       Load.apply: finalTransforms took 23.263999ms
[debug]       Load.apply: config.delegates took 1.204799ms
[debug]       Load.apply: Def.make(settings)... took 151.000999ms
[debug]       Load.apply: structureIndex took 42.7775ms
[debug]       Load.apply: mkStreams took 0.0049ms
[info] loading project definition from C:\Users\Dell\Downloads\Texteditor_react_scala\Texteditor_react_scala\project
[debug] Running task... Cancel: Signal, check cycles: false, forcegc: true
[debug]     Load.loadUnit: plugins took 1470.0771ms
[debug]     Load.loadUnit: defsScala took 0.0033ms
[debug] [Loading] Scanning directory C:\Users\Dell\Downloads\Texteditor_react_scala\Texteditor_react_scala
[debug]       Load.loadUnit: mkEval took 0.246501ms
[debug] [Loading] Found root project root w/ remaining 
[debug] deducing auto plugins based on known facts Set(Atom(org.scalajs.sbtplugin.ScalaJSPlugin), Atom(sbt.plugins.CorePlugin)) and clauses Clauses(Clause(Atom(sbt.plugins.JvmPlugin),Set(Atom(sbt.plugins.IvyPlugin)))
[debug] Clause(Atom(sbt.ScriptedPlugin),Set(Atom(sbt.plugins.JvmPlugin)))
[debug] Clause(Atom(sbt.plugins.SbtPlugin),Set(Atom(sbt.ScriptedPlugin)))
[debug] Clause(Atom(sbt.plugins.SemanticdbPlugin),Set(Atom(sbt.plugins.JvmPlugin)))
[debug] Clause(Atom(sbt.plugins.JUnitXmlReportPlugin),Set(Atom(sbt.plugins.JvmPlugin)))
[debug] Clause(Atom(sbt.plugins.MiniDependencyTreePlugin),Set(Atom(sbt.plugins.JvmPlugin)))
[debug] Clause(Atom(org.scalajs.sbtplugin.ScalaJSPlugin),Set(Atom(sbt.plugins.JvmPlugin)))
[debug] Clause(Atom(org.jetbrains.sbt.StructurePlugin),Set(Atom(sbt.plugins.JvmPlugin)))
[debug] Clause(Atom(org.jetbrains.sbt.IdeaShellPlugin),Set(Atom(sbt.plugins.JvmPlugin)))
[debug] Clause(Atom(org.jetbrains.sbt.indices.SbtIntellijIndicesPlugin),Set(Atom(sbt.plugins.JvmPlugin)))
[debug] Clause(Atom(org.portablescala.sbtplatformdeps.PlatformDepsPlugin),Set(Atom(sbt.plugins.JvmPlugin)))
[debug] Clause(Atom(sbt.plugins.CorePlugin),Set(Atom(sbt.plugins.IvyPlugin)))
[debug] Clause(Atom(sbt.plugins.IvyPlugin),Set(Atom(sbt.plugins.JvmPlugin)))
[debug] Clause(Atom(sbt.plugins.JvmPlugin),Set(Atom(sbt.plugins.SemanticdbPlugin)))
[debug] Clause(Atom(sbt.plugins.JvmPlugin),Set(Atom(sbt.plugins.JUnitXmlReportPlugin)))
[debug] Clause(Atom(sbt.plugins.CorePlugin),Set(Atom(sbt.plugins.Giter8TemplatePlugin)))
[debug] Clause(Atom(sbt.plugins.JvmPlugin),Set(Atom(sbt.plugins.MiniDependencyTreePlugin)))
[debug] Clause(Atom(sbt.plugins.JvmPlugin),Set(Atom(org.jetbrains.sbt.StructurePlugin)))
[debug] Clause(Atom(sbt.plugins.JvmPlugin),Set(Atom(org.jetbrains.sbt.IdeaShellPlugin)))
[debug] Clause(And(Set(Atom(sbt.plugins.CorePlugin), Atom(sbt.plugins.JvmPlugin))),Set(Atom(org.jetbrains.sbt.indices.SbtIntellijIndicesPlugin)))
[debug] Clause(Atom(sbt.plugins.JvmPlugin),Set(Atom(org.portablescala.sbtplatformdeps.PlatformDepsPlugin))))
[debug]   :: deduced result: Matched(sbt.plugins.CorePlugin,org.scalajs.sbtplugin.ScalaJSPlugin,sbt.plugins.Giter8TemplatePlugin,sbt.plugins.IvyPlugin,sbt.plugins.JvmPlugin,org.portablescala.sbtplatformdeps.PlatformDepsPlugin,sbt.plugins.SemanticdbPlugin,org.jetbrains.sbt.indices.SbtIntellijIndicesPlugin,sbt.plugins.JUnitXmlReportPlugin,org.jetbrains.sbt.IdeaShellPlugin,org.jetbrains.sbt.StructurePlugin,sbt.plugins.MiniDependencyTreePlugin)
[debug] Plugins.deducer#function took 1.9974 ms
[info] loading settings for project root from build.sbt ...
[debug]         Load.resolveProject(root) took 47.210301ms
[debug]       Load.loadTransitive: finalizeProject(Project(id root, base: C:\Users\Dell\Downloads\Texteditor_react_scala\Texteditor_react_scala, plugins: List(<none>))) took 51.7396ms
[debug] [Loading] Done in C:\Users\Dell\Downloads\Texteditor_react_scala\Texteditor_react_scala, returning: (root)
[debug]     Load.loadUnit: loadedProjectsRaw took 159.8766ms
[debug]     Load.loadUnit: cleanEvalClasses took 3.7536ms
[debug]   Load.loadUnit(file:/C:/Users/Dell/Downloads/Texteditor_react_scala/Texteditor_react_scala/, ...) took 1634.3589ms
[debug] Load.apply: load took 1636.7885ms
[debug] Load.apply: resolveProjects took 0.127601ms
[debug] Load.apply: finalTransforms took 22.6664ms
[debug] Load.apply: config.delegates took 0.279999ms
[debug] Load.apply: Def.make(settings)... took 98.769701ms
[debug] Load.apply: structureIndex took 29.628201ms
[debug] Load.apply: mkStreams took 0.0043ms
[info] set current project to Texteditor_react_scala (in build file:/C:/Users/Dell/Downloads/Texteditor_react_scala/Texteditor_react_scala/)
[debug] > Exec(sbtPopOnFailure, None, None)
[debug] > Exec(resumeFromFailure, None, None)
[debug] > Exec(notifyUsersAboutShell, None, None)
[debug] > Exec(iflast shell, None, None)
[debug] > Exec(; set ideaPort in Global := 49911 ; idea-shell, None, None)
[debug] > Exec(set ideaPort in Global := 49911, None, None)
[info] Defining Global / ideaPort
[info] The new value will be used by Compile / compile, Test / compile
[debug] Defining 
[debug] 	Global / ideaPort
[debug] 
[debug] The new value will be used by 
[debug] 	Compile / compile
[debug] 	Test / compile
[info] Reapplying settings...
[info] set current project to Texteditor_react_scala (in build file:/C:/Users/Dell/Downloads/Texteditor_react_scala/Texteditor_react_scala/)
[debug] > Exec(idea-shell, None, None)
