[debug] > Exec(early(addDefaultCommands), None, None)
[debug] > Exec(addDefaultCommands, None, None)
[debug] > Exec(early(initialize), None, None)
[debug] > Exec(initialize, None, None)
[debug] > Exec(early(addPluginSbtFile="""C:\Users\Dell\AppData\Local\Temp\idea17737.sbt"""), None, None)
[debug] > Exec(addPluginSbtFile="""C:\Users\Dell\AppData\Local\Temp\idea17737.sbt""", None, None)
[debug] > Exec(boot, None, None)
[debug] > Exec(writeSbtVersion, None, None)
[debug] > Exec(reload, None, None)
[debug] > Exec(sbtStashOnFailure, None, None)
[debug] > Exec(onFailure loadFailed, None, None)
[debug] > Exec(loadp, None, None)
[info] welcome to sbt 1.10.1 (Azul Systems, Inc. Java 11.0.23)
[debug]       Load.loadUnit: plugins took 109.5705ms
[debug]       Load.loadUnit: defsScala took 0.3617ms
[debug] [Loading] Scanning directory C:\Users\Dell\.sbt\1.0\plugins
[debug]         Load.loadUnit: mkEval took 9.057701ms
[debug] [Loading] Found non-root projects 
[debug] [Loading] Done in C:\Users\Dell\.sbt\1.0\plugins, returning: ()
[debug] deducing auto plugins based on known facts Set(Atom(sbt.plugins.CorePlugin)) and clauses Clauses(Clause(Atom(sbt.plugins.JvmPlugin),Set(Atom(sbt.plugins.IvyPlugin)))
[debug] Clause(Atom(sbt.ScriptedPlugin),Set(Atom(sbt.plugins.JvmPlugin)))
[debug] Clause(Atom(sbt.plugins.SbtPlugin),Set(Atom(sbt.ScriptedPlugin)))
[debug] Clause(Atom(sbt.plugins.SemanticdbPlugin),Set(Atom(sbt.plugins.JvmPlugin)))
[debug] Clause(Atom(sbt.plugins.JUnitXmlReportPlugin),Set(Atom(sbt.plugins.JvmPlugin)))
[debug] Clause(Atom(sbt.plugins.MiniDependencyTreePlugin),Set(Atom(sbt.plugins.JvmPlugin)))
[debug] Clause(Atom(sbt.plugins.CorePlugin),Set(Atom(sbt.plugins.IvyPlugin)))
[debug] Clause(Atom(sbt.plugins.IvyPlugin),Set(Atom(sbt.plugins.JvmPlugin)))
[debug] Clause(Atom(sbt.plugins.JvmPlugin),Set(Atom(sbt.plugins.SemanticdbPlugin)))
[debug] Clause(Atom(sbt.plugins.JvmPlugin),Set(Atom(sbt.plugins.JUnitXmlReportPlugin)))
[debug] Clause(Atom(sbt.plugins.CorePlugin),Set(Atom(sbt.plugins.Giter8TemplatePlugin)))
[debug] Clause(Atom(sbt.plugins.JvmPlugin),Set(Atom(sbt.plugins.MiniDependencyTreePlugin))))
[debug]   :: deduced result: Matched(sbt.plugins.CorePlugin,sbt.plugins.Giter8TemplatePlugin,sbt.plugins.IvyPlugin,sbt.plugins.JvmPlugin,sbt.plugins.MiniDependencyTreePlugin,sbt.plugins.JUnitXmlReportPlugin,sbt.plugins.SemanticdbPlugin)
[debug] Plugins.deducer#function took 14.9373 ms
[info] loading settings for project global-plugins from idea.sbt ...
[debug]           Load.resolveProject(global-plugins) took 40.4223ms
[debug]         Load.loadTransitive: finalizeProject(Project(id global-plugins, base: C:\Users\Dell\.sbt\1.0\plugins, plugins: List(<none>))) took 78.1703ms
[debug] [Loading] Done in C:\Users\Dell\.sbt\1.0\plugins, returning: (global-plugins)
[debug]       Load.loadUnit: loadedProjectsRaw took 273.2116ms
[debug]       Load.loadUnit: cleanEvalClasses took 5.9088ms
[debug]     Load.loadUnit(file:/C:/Users/Dell/.sbt/1.0/plugins/, ...) took 398.962499ms
[debug]   Load.apply: load took 576.518799ms
[debug]   Load.apply: resolveProjects took 5.4771ms
[debug]   Load.apply: finalTransforms took 55.215201ms
[debug]   Load.apply: config.delegates took 9.9421ms
[debug]   Load.apply: Def.make(settings)... took 549.7058ms
[debug]   Load.apply: structureIndex took 114.8036ms
[debug]   Load.apply: mkStreams took 2.7075ms
[info] loading global plugins from C:\Users\Dell\.sbt\1.0\plugins
[debug] Running task... Cancel: Signal, check cycles: false, forcegc: true
[debug] Load.defaultLoad until apply took 2889.9184ms
[debug]           Load.loadUnit: plugins took 23.0167ms
[debug]           Load.loadUnit: defsScala took 0.0029ms
[debug] [Loading] Scanning directory C:\Users\Dell\Downloads\Texteditor_react_scala\Texteditor_react_scala\project
[debug]             Load.loadUnit: mkEval took 0.2911ms
[debug] [Loading] Found non-root projects 
[debug] [Loading] Done in C:\Users\Dell\Downloads\Texteditor_react_scala\Texteditor_react_scala\project, returning: ()
[debug] deducing auto plugins based on known facts Set(Atom(sbt.plugins.CorePlugin)) and clauses Clauses(Clause(Atom(sbt.plugins.JvmPlugin),Set(Atom(sbt.plugins.IvyPlugin)))
[debug] Clause(Atom(sbt.ScriptedPlugin),Set(Atom(sbt.plugins.JvmPlugin)))
[debug] Clause(Atom(sbt.plugins.SbtPlugin),Set(Atom(sbt.ScriptedPlugin)))
[debug] Clause(Atom(sbt.plugins.SemanticdbPlugin),Set(Atom(sbt.plugins.JvmPlugin)))
[debug] Clause(Atom(sbt.plugins.JUnitXmlReportPlugin),Set(Atom(sbt.plugins.JvmPlugin)))
[debug] Clause(Atom(sbt.plugins.MiniDependencyTreePlugin),Set(Atom(sbt.plugins.JvmPlugin)))
[debug] Clause(Atom(sbt.plugins.CorePlugin),Set(Atom(sbt.plugins.IvyPlugin)))
[debug] Clause(Atom(sbt.plugins.IvyPlugin),Set(Atom(sbt.plugins.JvmPlugin)))
[debug] Clause(Atom(sbt.plugins.JvmPlugin),Set(Atom(sbt.plugins.SemanticdbPlugin)))
[debug] Clause(Atom(sbt.plugins.JvmPlugin),Set(Atom(sbt.plugins.JUnitXmlReportPlugin)))
[debug] Clause(Atom(sbt.plugins.CorePlugin),Set(Atom(sbt.plugins.Giter8TemplatePlugin)))
[debug] Clause(Atom(sbt.plugins.JvmPlugin),Set(Atom(sbt.plugins.MiniDependencyTreePlugin))))
[debug]   :: deduced result: Matched(sbt.plugins.CorePlugin,sbt.plugins.Giter8TemplatePlugin,sbt.plugins.IvyPlugin,sbt.plugins.JvmPlugin,sbt.plugins.MiniDependencyTreePlugin,sbt.plugins.JUnitXmlReportPlugin,sbt.plugins.SemanticdbPlugin)
[debug] Plugins.deducer#function took 2.2467 ms
[info] loading settings for project texteditor_react_scala-build from plugins.sbt,idea17737.sbt ...
[debug]               Load.resolveProject(texteditor_react_scala-build) took 1.7148ms
[debug]             Load.loadTransitive: finalizeProject(Project(id texteditor_react_scala-build, base: C:\Users\Dell\Downloads\Texteditor_react_scala\Texteditor_react_scala\project, plugins: List(<none>))) took 4.426301ms
[debug] [Loading] Done in C:\Users\Dell\Downloads\Texteditor_react_scala\Texteditor_react_scala\project, returning: (texteditor_react_scala-build)
[debug]           Load.loadUnit: loadedProjectsRaw took 72.0117ms
[debug]           Load.loadUnit: cleanEvalClasses took 1.059101ms
[debug]         Load.loadUnit(file:/C:/Users/Dell/Downloads/Texteditor_react_scala/Texteditor_react_scala/project/, ...) took 96.7862ms
[debug]       Load.apply: load took 97.9436ms
[debug]       Load.apply: resolveProjects took 0.1021ms
[debug]       Load.apply: finalTransforms took 10.9748ms
[debug]       Load.apply: config.delegates took 0.499501ms
[debug]       Load.apply: Def.make(settings)... took 85.8835ms
[debug]       Load.apply: structureIndex took 29.2858ms
[debug]       Load.apply: mkStreams took 0.0024ms
[info] loading project definition from C:\Users\Dell\Downloads\Texteditor_react_scala\Texteditor_react_scala\project
[debug] Running task... Cancel: Signal, check cycles: false, forcegc: true
[debug]     Load.loadUnit: plugins took 582.794299ms
[debug]     Load.loadUnit: defsScala took 0.004399ms
[debug] [Loading] Scanning directory C:\Users\Dell\Downloads\Texteditor_react_scala\Texteditor_react_scala
[debug]       Load.loadUnit: mkEval took 0.307299ms
[debug] [Loading] Found non-root projects 
[debug] [Loading] Done in C:\Users\Dell\Downloads\Texteditor_react_scala\Texteditor_react_scala, returning: ()
[debug] deducing auto plugins based on known facts Set(Atom(org.scalajs.sbtplugin.ScalaJSPlugin), Atom(sbt.plugins.CorePlugin)) and clauses Clauses(Clause(Atom(sbt.plugins.JvmPlugin),Set(Atom(sbt.plugins.IvyPlugin)))
[debug] Clause(Atom(sbt.ScriptedPlugin),Set(Atom(sbt.plugins.JvmPlugin)))
[debug] Clause(Atom(sbt.plugins.SbtPlugin),Set(Atom(sbt.ScriptedPlugin)))
[debug] Clause(Atom(sbt.plugins.SemanticdbPlugin),Set(Atom(sbt.plugins.JvmPlugin)))
[debug] Clause(Atom(sbt.plugins.JUnitXmlReportPlugin),Set(Atom(sbt.plugins.JvmPlugin)))
[debug] Clause(Atom(sbt.plugins.MiniDependencyTreePlugin),Set(Atom(sbt.plugins.JvmPlugin)))
[debug] Clause(Atom(org.scalajs.sbtplugin.ScalaJSPlugin),Set(Atom(sbt.plugins.JvmPlugin)))
[debug] Clause(Atom(org.jetbrains.sbt.StructurePlugin),Set(Atom(sbt.plugins.JvmPlugin)))
[debug] Clause(Atom(org.jetbrains.sbt.IdeaShellPlugin),Set(Atom(sbt.plugins.JvmPlugin)))
[debug] Clause(Atom(org.jetbrains.sbt.indices.SbtIntellijIndicesPlugin),Set(Atom(sbt.plugins.JvmPlugin)))
[debug] Clause(Atom(org.portablescala.sbtplatformdeps.PlatformDepsPlugin),Set(Atom(sbt.plugins.JvmPlugin)))
[debug] Clause(Atom(sbt.plugins.CorePlugin),Set(Atom(sbt.plugins.IvyPlugin)))
[debug] Clause(Atom(sbt.plugins.IvyPlugin),Set(Atom(sbt.plugins.JvmPlugin)))
[debug] Clause(Atom(sbt.plugins.JvmPlugin),Set(Atom(sbt.plugins.SemanticdbPlugin)))
[debug] Clause(Atom(sbt.plugins.JvmPlugin),Set(Atom(sbt.plugins.JUnitXmlReportPlugin)))
[debug] Clause(Atom(sbt.plugins.CorePlugin),Set(Atom(sbt.plugins.Giter8TemplatePlugin)))
[debug] Clause(Atom(sbt.plugins.JvmPlugin),Set(Atom(sbt.plugins.MiniDependencyTreePlugin)))
[debug] Clause(Atom(sbt.plugins.JvmPlugin),Set(Atom(org.jetbrains.sbt.StructurePlugin)))
[debug] Clause(Atom(sbt.plugins.JvmPlugin),Set(Atom(org.jetbrains.sbt.IdeaShellPlugin)))
[debug] Clause(And(Set(Atom(sbt.plugins.CorePlugin), Atom(sbt.plugins.JvmPlugin))),Set(Atom(org.jetbrains.sbt.indices.SbtIntellijIndicesPlugin)))
[debug] Clause(Atom(sbt.plugins.JvmPlugin),Set(Atom(org.portablescala.sbtplatformdeps.PlatformDepsPlugin))))
[debug]   :: deduced result: Matched(sbt.plugins.CorePlugin,org.scalajs.sbtplugin.ScalaJSPlugin,sbt.plugins.Giter8TemplatePlugin,sbt.plugins.IvyPlugin,sbt.plugins.JvmPlugin,org.portablescala.sbtplatformdeps.PlatformDepsPlugin,sbt.plugins.SemanticdbPlugin,org.jetbrains.sbt.indices.SbtIntellijIndicesPlugin,sbt.plugins.JUnitXmlReportPlugin,org.jetbrains.sbt.IdeaShellPlugin,org.jetbrains.sbt.StructurePlugin,sbt.plugins.MiniDependencyTreePlugin)
[debug] Plugins.deducer#function took 2.6426 ms
[info] loading settings for project texteditor_react_scala from build.sbt ...
[debug]         Load.resolveProject(texteditor_react_scala) took 54.0327ms
[debug]       Load.loadTransitive: finalizeProject(Project(id texteditor_react_scala, base: C:\Users\Dell\Downloads\Texteditor_react_scala\Texteditor_react_scala, plugins: List(<none>))) took 59.1159ms
[debug] [Loading] Done in C:\Users\Dell\Downloads\Texteditor_react_scala\Texteditor_react_scala, returning: (texteditor_react_scala)
[debug]     Load.loadUnit: loadedProjectsRaw took 158.8962ms
[debug]     Load.loadUnit: cleanEvalClasses took 5.156801ms
[debug]   Load.loadUnit(file:/C:/Users/Dell/Downloads/Texteditor_react_scala/Texteditor_react_scala/, ...) took 747.5532ms
[debug] Load.apply: load took 749.2386ms
[debug] Load.apply: resolveProjects took 0.196599ms
[debug] Load.apply: finalTransforms took 39.728301ms
[debug] Load.apply: config.delegates took 0.3822ms
[debug] Load.apply: Def.make(settings)... took 98.9668ms
[debug] Load.apply: structureIndex took 29.029401ms
[debug] Load.apply: mkStreams took 0.0036ms
[info] set current project to Texteditor_react_scala (in build file:/C:/Users/Dell/Downloads/Texteditor_react_scala/Texteditor_react_scala/)
[debug] > Exec(sbtPopOnFailure, None, None)
[debug] > Exec(resumeFromFailure, None, None)
[debug] > Exec(notifyUsersAboutShell, None, None)
[debug] > Exec(iflast shell, None, None)
[debug] > Exec(; set ideaPort in Global := 49911 ; idea-shell, None, None)
[debug] > Exec(set ideaPort in Global := 49911, None, None)
[info] Defining Global / ideaPort
[info] The new value will be used by Compile / compile, Test / compile
[debug] Defining 
[debug] 	Global / ideaPort
[debug] 
[debug] The new value will be used by 
[debug] 	Compile / compile
[debug] 	Test / compile
[info] Reapplying settings...
[info] set current project to Texteditor_react_scala (in build file:/C:/Users/Dell/Downloads/Texteditor_react_scala/Texteditor_react_scala/)
[debug] > Exec(idea-shell, None, None)
