[debug] > Exec(early(addDefaultCommands), None, None)
[debug] > Exec(addDefaultCommands, None, None)
[debug] > Exec(early(initialize), None, None)
[debug] > Exec(initialize, None, None)
[debug] > Exec(early(addPluginSbtFile="""C:\Users\Dell\AppData\Local\Temp\idea10050.sbt"""), None, None)
[debug] > Exec(addPluginSbtFile="""C:\Users\Dell\AppData\Local\Temp\idea10050.sbt""", None, None)
[debug] > Exec(boot, None, None)
[debug] > Exec(writeSbtVersion, None, None)
[debug] > Exec(reload, None, None)
[debug] > Exec(sbtStashOnFailure, None, None)
[debug] > Exec(onFailure loadFailed, None, None)
[debug] > Exec(loadp, None, None)
[info] welcome to sbt 1.10.1 (Azul Systems, Inc. Java 11.0.23)
[debug]       Load.loadUnit: plugins took 128.3647ms
[debug]       Load.loadUnit: defsScala took 0.3373ms
[debug] [Loading] Scanning directory C:\Users\Dell\.sbt\1.0\plugins
[debug]         Load.loadUnit: mkEval took 11.358ms
[debug] [Loading] Found non-root projects 
[debug] [Loading] Done in C:\Users\Dell\.sbt\1.0\plugins, returning: ()
[debug] deducing auto plugins based on known facts Set(Atom(sbt.plugins.CorePlugin)) and clauses Clauses(Clause(Atom(sbt.plugins.JvmPlugin),Set(Atom(sbt.plugins.IvyPlugin)))
[debug] Clause(Atom(sbt.ScriptedPlugin),Set(Atom(sbt.plugins.JvmPlugin)))
[debug] Clause(Atom(sbt.plugins.SbtPlugin),Set(Atom(sbt.ScriptedPlugin)))
[debug] Clause(Atom(sbt.plugins.SemanticdbPlugin),Set(Atom(sbt.plugins.JvmPlugin)))
[debug] Clause(Atom(sbt.plugins.JUnitXmlReportPlugin),Set(Atom(sbt.plugins.JvmPlugin)))
[debug] Clause(Atom(sbt.plugins.MiniDependencyTreePlugin),Set(Atom(sbt.plugins.JvmPlugin)))
[debug] Clause(Atom(sbt.plugins.CorePlugin),Set(Atom(sbt.plugins.IvyPlugin)))
[debug] Clause(Atom(sbt.plugins.IvyPlugin),Set(Atom(sbt.plugins.JvmPlugin)))
[debug] Clause(Atom(sbt.plugins.JvmPlugin),Set(Atom(sbt.plugins.SemanticdbPlugin)))
[debug] Clause(Atom(sbt.plugins.JvmPlugin),Set(Atom(sbt.plugins.JUnitXmlReportPlugin)))
[debug] Clause(Atom(sbt.plugins.CorePlugin),Set(Atom(sbt.plugins.Giter8TemplatePlugin)))
[debug] Clause(Atom(sbt.plugins.JvmPlugin),Set(Atom(sbt.plugins.MiniDependencyTreePlugin))))
[debug]   :: deduced result: Matched(sbt.plugins.CorePlugin,sbt.plugins.Giter8TemplatePlugin,sbt.plugins.IvyPlugin,sbt.plugins.JvmPlugin,sbt.plugins.MiniDependencyTreePlugin,sbt.plugins.JUnitXmlReportPlugin,sbt.plugins.SemanticdbPlugin)
[debug] Plugins.deducer#function took 21.337599 ms
[info] loading settings for project global-plugins from idea.sbt ...
[debug]           Load.resolveProject(global-plugins) took 41.9603ms
[debug]         Load.loadTransitive: finalizeProject(Project(id global-plugins, base: C:\Users\Dell\.sbt\1.0\plugins, plugins: List(<none>))) took 86.9362ms
[debug] [Loading] Done in C:\Users\Dell\.sbt\1.0\plugins, returning: (global-plugins)
[debug]       Load.loadUnit: loadedProjectsRaw took 251.8824ms
[debug]       Load.loadUnit: cleanEvalClasses took 7.8815ms
[debug]     Load.loadUnit(file:/C:/Users/Dell/.sbt/1.0/plugins/, ...) took 400.7498ms
[debug]   Load.apply: load took 607.1753ms
[debug]   Load.apply: resolveProjects took 5.415099ms
[debug]   Load.apply: finalTransforms took 73.139099ms
[debug]   Load.apply: config.delegates took 13.6223ms
[debug]   Load.apply: Def.make(settings)... took 552.711099ms
[debug]   Load.apply: structureIndex took 124.918801ms
[debug]   Load.apply: mkStreams took 2.1434ms
[info] loading global plugins from C:\Users\Dell\.sbt\1.0\plugins
[debug] Running task... Cancel: Signal, check cycles: false, forcegc: true
[debug] Load.defaultLoad until apply took 3054.3299ms
[debug]           Load.loadUnit: plugins took 23.792799ms
[debug]           Load.loadUnit: defsScala took 0.0067ms
[debug] [Loading] Scanning directory C:\Users\Dell\Downloads\Texteditor_react_scala\Texteditor_react_scala\project
[debug]             Load.loadUnit: mkEval took 0.325901ms
[debug] [Loading] Found non-root projects 
[debug] [Loading] Done in C:\Users\Dell\Downloads\Texteditor_react_scala\Texteditor_react_scala\project, returning: ()
[debug] deducing auto plugins based on known facts Set(Atom(sbt.plugins.CorePlugin)) and clauses Clauses(Clause(Atom(sbt.plugins.JvmPlugin),Set(Atom(sbt.plugins.IvyPlugin)))
[debug] Clause(Atom(sbt.ScriptedPlugin),Set(Atom(sbt.plugins.JvmPlugin)))
[debug] Clause(Atom(sbt.plugins.SbtPlugin),Set(Atom(sbt.ScriptedPlugin)))
[debug] Clause(Atom(sbt.plugins.SemanticdbPlugin),Set(Atom(sbt.plugins.JvmPlugin)))
[debug] Clause(Atom(sbt.plugins.JUnitXmlReportPlugin),Set(Atom(sbt.plugins.JvmPlugin)))
[debug] Clause(Atom(sbt.plugins.MiniDependencyTreePlugin),Set(Atom(sbt.plugins.JvmPlugin)))
[debug] Clause(Atom(sbt.plugins.CorePlugin),Set(Atom(sbt.plugins.IvyPlugin)))
[debug] Clause(Atom(sbt.plugins.IvyPlugin),Set(Atom(sbt.plugins.JvmPlugin)))
[debug] Clause(Atom(sbt.plugins.JvmPlugin),Set(Atom(sbt.plugins.SemanticdbPlugin)))
[debug] Clause(Atom(sbt.plugins.JvmPlugin),Set(Atom(sbt.plugins.JUnitXmlReportPlugin)))
[debug] Clause(Atom(sbt.plugins.CorePlugin),Set(Atom(sbt.plugins.Giter8TemplatePlugin)))
[debug] Clause(Atom(sbt.plugins.JvmPlugin),Set(Atom(sbt.plugins.MiniDependencyTreePlugin))))
[debug]   :: deduced result: Matched(sbt.plugins.CorePlugin,sbt.plugins.Giter8TemplatePlugin,sbt.plugins.IvyPlugin,sbt.plugins.JvmPlugin,sbt.plugins.MiniDependencyTreePlugin,sbt.plugins.JUnitXmlReportPlugin,sbt.plugins.SemanticdbPlugin)
[debug] Plugins.deducer#function took 1.842099 ms
[info] loading settings for project texteditor_react_scala-build from plugins.sbt,idea10050.sbt ...
[debug]               Load.resolveProject(texteditor_react_scala-build) took 6.0686ms
[debug]             Load.loadTransitive: finalizeProject(Project(id texteditor_react_scala-build, base: C:\Users\Dell\Downloads\Texteditor_react_scala\Texteditor_react_scala\project, plugins: List(<none>))) took 8.516ms
[debug] [Loading] Done in C:\Users\Dell\Downloads\Texteditor_react_scala\Texteditor_react_scala\project, returning: (texteditor_react_scala-build)
[debug]           Load.loadUnit: loadedProjectsRaw took 83.5375ms
[debug]           Load.loadUnit: cleanEvalClasses took 1.3072ms
[debug]         Load.loadUnit(file:/C:/Users/Dell/Downloads/Texteditor_react_scala/Texteditor_react_scala/project/, ...) took 109.5242ms
[debug]       Load.apply: load took 110.767199ms
[debug]       Load.apply: resolveProjects took 0.212699ms
[debug]       Load.apply: finalTransforms took 13.799799ms
[debug]       Load.apply: config.delegates took 0.465801ms
[debug]       Load.apply: Def.make(settings)... took 109.7635ms
[debug]       Load.apply: structureIndex took 36.2228ms
[debug]       Load.apply: mkStreams took 0.0049ms
[info] loading project definition from C:\Users\Dell\Downloads\Texteditor_react_scala\Texteditor_react_scala\project
[debug] Running task... Cancel: Signal, check cycles: false, forcegc: true
[debug]     Load.loadUnit: plugins took 671.4213ms
[debug]     Load.loadUnit: defsScala took 0.002ms
[debug] [Loading] Scanning directory C:\Users\Dell\Downloads\Texteditor_react_scala\Texteditor_react_scala
[debug]       Load.loadUnit: mkEval took 0.221101ms
[debug] [Loading] Found non-root projects 
[debug] [Loading] Done in C:\Users\Dell\Downloads\Texteditor_react_scala\Texteditor_react_scala, returning: ()
[debug] deducing auto plugins based on known facts Set(Atom(org.scalajs.sbtplugin.ScalaJSPlugin), Atom(sbt.plugins.CorePlugin)) and clauses Clauses(Clause(Atom(sbt.plugins.JvmPlugin),Set(Atom(sbt.plugins.IvyPlugin)))
[debug] Clause(Atom(sbt.ScriptedPlugin),Set(Atom(sbt.plugins.JvmPlugin)))
[debug] Clause(Atom(sbt.plugins.SbtPlugin),Set(Atom(sbt.ScriptedPlugin)))
[debug] Clause(Atom(sbt.plugins.SemanticdbPlugin),Set(Atom(sbt.plugins.JvmPlugin)))
[debug] Clause(Atom(sbt.plugins.JUnitXmlReportPlugin),Set(Atom(sbt.plugins.JvmPlugin)))
[debug] Clause(Atom(sbt.plugins.MiniDependencyTreePlugin),Set(Atom(sbt.plugins.JvmPlugin)))
[debug] Clause(Atom(org.scalajs.sbtplugin.ScalaJSPlugin),Set(Atom(sbt.plugins.JvmPlugin)))
[debug] Clause(Atom(org.jetbrains.sbt.StructurePlugin),Set(Atom(sbt.plugins.JvmPlugin)))
[debug] Clause(Atom(org.jetbrains.sbt.IdeaShellPlugin),Set(Atom(sbt.plugins.JvmPlugin)))
[debug] Clause(Atom(org.jetbrains.sbt.indices.SbtIntellijIndicesPlugin),Set(Atom(sbt.plugins.JvmPlugin)))
[debug] Clause(Atom(org.portablescala.sbtplatformdeps.PlatformDepsPlugin),Set(Atom(sbt.plugins.JvmPlugin)))
[debug] Clause(Atom(sbt.plugins.CorePlugin),Set(Atom(sbt.plugins.IvyPlugin)))
[debug] Clause(Atom(sbt.plugins.IvyPlugin),Set(Atom(sbt.plugins.JvmPlugin)))
[debug] Clause(Atom(sbt.plugins.JvmPlugin),Set(Atom(sbt.plugins.SemanticdbPlugin)))
[debug] Clause(Atom(sbt.plugins.JvmPlugin),Set(Atom(sbt.plugins.JUnitXmlReportPlugin)))
[debug] Clause(Atom(sbt.plugins.CorePlugin),Set(Atom(sbt.plugins.Giter8TemplatePlugin)))
[debug] Clause(Atom(sbt.plugins.JvmPlugin),Set(Atom(sbt.plugins.MiniDependencyTreePlugin)))
[debug] Clause(Atom(sbt.plugins.JvmPlugin),Set(Atom(org.jetbrains.sbt.StructurePlugin)))
[debug] Clause(Atom(sbt.plugins.JvmPlugin),Set(Atom(org.jetbrains.sbt.IdeaShellPlugin)))
[debug] Clause(And(Set(Atom(sbt.plugins.CorePlugin), Atom(sbt.plugins.JvmPlugin))),Set(Atom(org.jetbrains.sbt.indices.SbtIntellijIndicesPlugin)))
[debug] Clause(Atom(sbt.plugins.JvmPlugin),Set(Atom(org.portablescala.sbtplatformdeps.PlatformDepsPlugin))))
[debug]   :: deduced result: Matched(sbt.plugins.CorePlugin,org.scalajs.sbtplugin.ScalaJSPlugin,sbt.plugins.Giter8TemplatePlugin,sbt.plugins.IvyPlugin,sbt.plugins.JvmPlugin,org.portablescala.sbtplatformdeps.PlatformDepsPlugin,sbt.plugins.SemanticdbPlugin,org.jetbrains.sbt.indices.SbtIntellijIndicesPlugin,sbt.plugins.JUnitXmlReportPlugin,org.jetbrains.sbt.IdeaShellPlugin,org.jetbrains.sbt.StructurePlugin,sbt.plugins.MiniDependencyTreePlugin)
[debug] Plugins.deducer#function took 2.123399 ms
[info] loading settings for project texteditor_react_scala from build.sbt ...
[debug]         Load.resolveProject(texteditor_react_scala) took 45.4697ms
[debug]       Load.loadTransitive: finalizeProject(Project(id texteditor_react_scala, base: C:\Users\Dell\Downloads\Texteditor_react_scala\Texteditor_react_scala, plugins: List(<none>))) took 49.0298ms
[debug] [Loading] Done in C:\Users\Dell\Downloads\Texteditor_react_scala\Texteditor_react_scala, returning: (texteditor_react_scala)
[debug]     Load.loadUnit: loadedProjectsRaw took 4592.6799ms
[debug]     Load.loadUnit: cleanEvalClasses took 8.2436ms
[debug]   Load.loadUnit(file:/C:/Users/Dell/Downloads/Texteditor_react_scala/Texteditor_react_scala/, ...) took 5272.8968ms
[debug] Load.apply: load took 5274.6021ms
[debug] Load.apply: resolveProjects took 0.145799ms
[debug] Load.apply: finalTransforms took 25.8338ms
[debug] Load.apply: config.delegates took 0.2717ms
[debug] Load.apply: Def.make(settings)... took 92.154599ms
[debug] Load.apply: structureIndex took 33.489901ms
[debug] Load.apply: mkStreams took 0.004899ms
[info] set current project to Texteditor_react_scala (in build file:/C:/Users/Dell/Downloads/Texteditor_react_scala/Texteditor_react_scala/)
[debug] > Exec(sbtPopOnFailure, None, None)
[debug] > Exec(resumeFromFailure, None, None)
[debug] > Exec(notifyUsersAboutShell, None, None)
[debug] > Exec(iflast shell, None, None)
[debug] > Exec(; set ideaPort in Global := 49911 ; idea-shell, None, None)
[debug] > Exec(set ideaPort in Global := 49911, None, None)
[info] Defining Global / ideaPort
[info] The new value will be used by Compile / compile, Test / compile
[debug] Defining 
[debug] 	Global / ideaPort
[debug] 
[debug] The new value will be used by 
[debug] 	Compile / compile
[debug] 	Test / compile
[info] Reapplying settings...
[info] set current project to Texteditor_react_scala (in build file:/C:/Users/Dell/Downloads/Texteditor_react_scala/Texteditor_react_scala/)
[debug] > Exec(idea-shell, None, None)
